Log file open, 04/19/17 15:17:36
LogInit:Display: Running engine for game: Spread
LogPlatformFile: Not using cached read wrapper
LogInit:Display: RandInit(530554169) SRandInit(530554170).
LogTaskGraph: Started task graph with 4 named threads and 7 total threads with 1 sets of task threads.
LogStats: Stats thread started at 0.077216
LogInit: Version: 4.12.5-3039270+++UE4+Release-4.12
LogInit: API Version: 2992821
LogInit: Net Version: 3039270
LogDevObjectVersion: Number of dev versions registered: 13
LogDevObjectVersion:   Dev-Blueprints (B0D832E4-1F89-4F0D-ACCF-7EB736FD4AA2): 3
LogDevObjectVersion:   Dev-Build (E1C64328-A22C-4D53-A36C-8E866417BD8C): 0
LogDevObjectVersion:   Dev-Core (375EC13C-06E4-48FB-B500-84F0262A717E): 1
LogDevObjectVersion:   Dev-Editor (E4B068ED-F494-42E9-A231-DA0B2E46BB41): 2
LogDevObjectVersion:   Dev-Framework (CFFC743F-43B0-4480-9391-14DF171D2073): 6
LogDevObjectVersion:   Dev-Mobile (B02B49B5-BB20-44E9-A304-32B752E40360): 0
LogDevObjectVersion:   Dev-Networking (A4E4105C-59A1-49B5-A7C5-40C4547EDFEE): 0
LogDevObjectVersion:   Dev-Online (39C831C9-5AE6-47DC-9A44-9C173E1C8E7C): 0
LogDevObjectVersion:   Dev-Physics (78F01B33-EBEA-4F98-B9B4-84EACCB95AA2): 0
LogDevObjectVersion:   Dev-Platform (6631380F-2D4D-43E0-8009-CF276956A95A): 0
LogDevObjectVersion:   Dev-Rendering (12F88B9F-8875-4AFC-A67C-D90C383ABD29): 2
LogDevObjectVersion:   Dev-Sequencer (7B5AE74C-D270-4C10-A958-57980B212A5A): 0
LogDevObjectVersion:   Dev-VR (D7296918-1DD6-4BDD-9DE2-64A83CC13884): 0
LogInit: Compiled (64-bit): Jul  6 2016 09:09:46
LogInit: Compiled with Visual C++: 19.00.23026.00
LogInit: Build Configuration: Development
LogInit: Branch Name: ++UE4+Release-4.12
LogInit: Command line: -EpicPortal 
LogInit: Base directory: C:/Program Files (x86)/Epic Games/4.12/Engine/Binaries/Win64/
LogInit: Installed Engine Build: 1
LogInit: Using libcurl 7.41.0
LogInit:  - built for x86_64-pc-win32
LogInit:  - supports SSL with WinSSL
LogInit:  - other features:
LogInit:      CURL_VERSION_SSL
LogInit:      CURL_VERSION_IPV6
LogInit:      CURL_VERSION_ASYNCHDNS
LogInit:      CURL_VERSION_LARGEFILE
LogInit:      CURL_VERSION_IDN
LogInit:  CurlRequestOptions (configurable via config and command line):
LogInit:  - bVerifyPeer = true  - Libcurl will verify peer certificate
LogInit:  - bUseHttpProxy = false  - Libcurl will NOT use HTTP proxy
LogInit:  - bDontReuseConnections = false  - Libcurl will reuse connections
LogInit:  - CertBundlePath = nullptr  - Libcurl will use whatever was configured at build time.
LogInit: Presizing for max 8388607 objects, including 0 objects not considered by GC, pre-allocating 0 bytes for permanent pool.
LogInit: Object subsystem initialized
[2017.04.19-22.17.36:955][  0]LogInit: Selected Device Profile: [Windows]
[2017.04.19-22.17.36:955][  0]LogInit: Applying CVar settings loaded from the selected device profile: [Windows]
[2017.04.19-22.17.36:971][  0]LogInit: Computer: BATTLESTATION
[2017.04.19-22.17.36:971][  0]LogInit: User: LowellBander
[2017.04.19-22.17.36:971][  0]LogInit: CPU Page size=65536, Cores=4
[2017.04.19-22.17.36:971][  0]LogInit: High frequency timer resolution =3.421875 MHz
[2017.04.19-22.17.36:971][  0]LogMemory: Memory total: Physical=16.0GB (16GB approx)
[2017.04.19-22.17.36:971][  0]LogMemory: Platform Memory Stats for Windows
[2017.04.19-22.17.36:971][  0]LogMemory: Process Physical Memory: 190.71 MB used, 190.71 MB peak
[2017.04.19-22.17.36:971][  0]LogMemory: Process Virtual Memory: 195.08 MB used, 195.08 MB peak
[2017.04.19-22.17.36:971][  0]LogMemory: Physical Memory: 8882.31 MB used, 16344.04 MB total
[2017.04.19-22.17.36:971][  0]LogMemory: Virtual Memory: 553.19 MB used, 134217728.00 MB total
[2017.04.19-22.17.36:992][  0]LogTextLocalizationManager: No specific translations for ('en-US') exist, so ('en') translations will be used.
[2017.04.19-22.17.37:369][  0]LogD3D11RHI: D3D11 adapters:
[2017.04.19-22.17.37:439][  0]LogD3D11RHI:    0. 'AMD Radeon (TM) R9 390 Series' (Feature Level 11_0)
[2017.04.19-22.17.37:439][  0]LogD3D11RHI:       8169/0/8172 MB DedicatedVideo/DedicatedSystem/SharedSystem, Outputs:1, VendorId:0x1002
[2017.04.19-22.17.37:440][  0]LogD3D11RHI:    1. 'Microsoft Basic Render Driver' (Feature Level 11_0)
[2017.04.19-22.17.37:440][  0]LogD3D11RHI:       0/0/8172 MB DedicatedVideo/DedicatedSystem/SharedSystem, Outputs:0, VendorId:0x1414
[2017.04.19-22.17.37:440][  0]LogD3D11RHI: Chosen D3D11 Adapter: 0
[2017.04.19-22.17.37:447][  0]LogD3D11RHI: Creating new Direct3DDevice
[2017.04.19-22.17.37:447][  0]LogD3D11RHI:     GPU DeviceId: 0x67b1 (for the marketing name, search the web for "GPU Device Id")
[2017.04.19-22.17.37:447][  0]LogWindows: EnumDisplayDevices:
[2017.04.19-22.17.37:447][  0]LogWindows:    0. 'AMD Radeon (TM) R9 390 Series' (P:1 D:1)
[2017.04.19-22.17.37:447][  0]LogWindows:    1. 'AMD Radeon (TM) R9 390 Series' (P:0 D:0)
[2017.04.19-22.17.37:448][  0]LogWindows:    2. 'AMD Radeon (TM) R9 390 Series' (P:0 D:0)
[2017.04.19-22.17.37:448][  0]LogWindows:    3. 'AMD Radeon (TM) R9 390 Series' (P:0 D:0)
[2017.04.19-22.17.37:448][  0]LogWindows:    4. 'AMD Radeon (TM) R9 390 Series' (P:0 D:0)
[2017.04.19-22.17.37:448][  0]LogWindows:    5. 'AMD Radeon (TM) R9 390 Series' (P:0 D:0)
[2017.04.19-22.17.37:448][  0]LogWindows: DebugString: FoundDriverCount:6 
[2017.04.19-22.17.37:448][  0]LogD3D11RHI:     Adapter Name: AMD Radeon (TM) R9 390 Series
[2017.04.19-22.17.37:448][  0]LogD3D11RHI:   Driver Version: Crimson 16.6 (internal:21.19.137.514, unified:21.19.137.514)
[2017.04.19-22.17.37:448][  0]LogD3D11RHI:      Driver Date: 11-21-2016
[2017.04.19-22.17.37:449][  0]LogRHI: Texture pool is 1361 MB (70% of 1945 MB)
[2017.04.19-22.17.37:456][  0]LogD3D11RHI: Async texture creation disabled: no driver support
[2017.04.19-22.17.37:469][  0]LogD3D11RHI: GPU Timing Frequency: 27.000000 (Debug: 2 1)
[2017.04.19-22.17.37:470][  0]LogShaderCompilers: Guid format shader working directory is -22 characters bigger than the processId version (../../../../../../Users/Lowell Bander/Documents/Unreal Projects/Spread/Intermediate/Shaders/WorkingDirectory/16996/).
[2017.04.19-22.17.37:471][  0]LogShaderCompilers: Cleaned the shader compiler working directory 'C:/Users/LOWELL~1/AppData/Local/Temp/UnrealShaderWorkingDir/1B7569D34C452D60F289A9A6D1CFA421/'.
[2017.04.19-22.17.37:471][  0]LogShaderCompilers:Display: Using Local Shader Compiler.
[2017.04.19-22.17.38:273][  0]LogTemp:Display: Loaded TP AllDesktopTargetPlatform
[2017.04.19-22.17.38:281][  0]LogTemp:Display: Loaded TP WindowsClientTargetPlatform
[2017.04.19-22.17.38:292][  0]LogTemp:Display: Loaded TP WindowsNoEditorTargetPlatform
[2017.04.19-22.17.38:301][  0]LogTemp:Display: Loaded TP WindowsServerTargetPlatform
[2017.04.19-22.17.38:310][  0]LogTemp:Display: Loaded TP WindowsTargetPlatform
[2017.04.19-22.17.38:318][  0]LogTemp:Display: Loaded TP AndroidTargetPlatform
[2017.04.19-22.17.38:325][  0]LogTemp:Display: Loaded TP Android_ASTCTargetPlatform
[2017.04.19-22.17.38:334][  0]LogTemp:Display: Loaded TP Android_ATCTargetPlatform
[2017.04.19-22.17.38:341][  0]LogTemp:Display: Loaded TP Android_DXTTargetPlatform
[2017.04.19-22.17.38:348][  0]LogTemp:Display: Loaded TP Android_ETC1TargetPlatform
[2017.04.19-22.17.38:354][  0]LogTemp:Display: Loaded TP Android_ETC2TargetPlatform
[2017.04.19-22.17.38:369][  0]LogTemp:Display: Loaded TP Android_MultiTargetPlatform
[2017.04.19-22.17.38:369][  0]LogTemp:Display: Loaded TP Android_PVRTCTargetPlatform
[2017.04.19-22.17.38:369][  0]LogTemp:Display: Loaded TP HTML5TargetPlatform
[2017.04.19-22.17.38:389][  0]LogTemp:Display: Loaded TP IOSTargetPlatform
[2017.04.19-22.17.38:396][  0]LogTemp:Display: Loaded TP TVOSTargetPlatform
[2017.04.19-22.17.38:402][  0]LogTemp:Display: Loaded TP LinuxNoEditorTargetPlatform
[2017.04.19-22.17.38:409][  0]LogTemp:Display: Loaded TP LinuxServerTargetPlatform
[2017.04.19-22.17.38:415][  0]LogTemp:Display: Loaded TP LinuxTargetPlatform
[2017.04.19-22.17.38:415][  0]LogTargetPlatformManager:Display: Building Assets For Windows
[2017.04.19-22.17.38:493][  0]LogDerivedDataCache:Display: Max Cache Size: 512 MB
[2017.04.19-22.17.38:536][  0]LogDerivedDataCache: Loaded boot cache 0.04s 48MB C:/Users/Lowell Bander/AppData/Local/UnrealEngine/4.12/DerivedDataCache/Boot.ddc.
[2017.04.19-22.17.38:536][  0]LogDerivedDataCache:Display: Loaded Boot cache: C:/Users/Lowell Bander/AppData/Local/UnrealEngine/4.12/DerivedDataCache/Boot.ddc
[2017.04.19-22.17.38:536][  0]LogDerivedDataCache: FDerivedDataBackendGraph:  Pak pak cache file ../../../../../../Users/Lowell Bander/Documents/Unreal Projects/Spread/DerivedDataCache/DDC.ddp not found, will not use a pak cache.
[2017.04.19-22.17.38:536][  0]LogDerivedDataCache: Unable to find inner node Pak for hierarchical cache Hierarchy.
[2017.04.19-22.17.38:536][  0]LogDerivedDataCache: FDerivedDataBackendGraph:  CompressedPak pak cache file ../../../../../../Users/Lowell Bander/Documents/Unreal Projects/Spread/DerivedDataCache/Compressed.ddp not found, will not use a pak cache.
[2017.04.19-22.17.38:536][  0]LogDerivedDataCache: Unable to find inner node CompressedPak for hierarchical cache Hierarchy.
[2017.04.19-22.17.38:555][  0]LogDerivedDataCache:Display: Pak cache opened for reading ../../../Engine/DerivedDataCache/Compressed.ddp.
[2017.04.19-22.17.38:567][  0]LogDerivedDataCache: Using Local data cache path C:/Users/Lowell Bander/AppData/Local/UnrealEngine/Common/DerivedDataCache: Writable
[2017.04.19-22.17.38:729][  0]LogInit: Selected Device Profile: [Windows]
[2017.04.19-22.17.38:729][  0]LogContentStreaming: Texture pool size is 0.00 MB
[2017.04.19-22.17.38:923][  0]LogMeshUtilities: No automatic mesh reduction module available
[2017.04.19-22.17.38:923][  0]LogMeshUtilities: No automatic mesh merging module available
[2017.04.19-22.17.38:923][  0]LogMeshUtilities: No distributed automatic mesh merging module available
[2017.04.19-22.17.39:160][  0]LogAssetRegistry: FAssetRegistry took 0.0209 seconds to start up
[2017.04.19-22.17.39:196][  0]LogPackageLocalizationCache: Processed 3 localized package path(s) for 2 prioritized culture(s) in 0.033875 seconds
[2017.04.19-22.17.39:201][  0]LogUObjectArray: 28739 objects as part of root set at end of initial load.
[2017.04.19-22.17.39:201][  0]LogUObjectAllocator: 5855624 out of 0 bytes used by permanent object pool.
[2017.04.19-22.17.39:201][  0]LogUObjectArray: CloseDisregardForGC: 0/0 objects in disregard for GC pool
[2017.04.19-22.17.39:211][  0]LogInit: WinSock: version 1.1 (2.2), MaxSocks=32767, MaxUdp=65467
[2017.04.19-22.17.39:375][  0]LogSlate: SlateFontCache - WITH_FREETYPE: 1, WITH_HARFBUZZ: 1
[2017.04.19-22.17.39:375][  0]LogSlate: SlateFontCache - WITH_FREETYPE: 1, WITH_HARFBUZZ: 1
[2017.04.19-22.17.40:113][  0]LogUdpMessaging: Initializing bridge on interface 0.0.0.0:0 to multicast group 230.0.0.1:6666.
[2017.04.19-22.17.40:336][  0]SourceControl: Info Source control is disabled
[2017.04.19-22.17.40:369][  0]SourceControl: Info Source control is disabled
[2017.04.19-22.17.40:380][  0]SourceControl: Info Source control is disabled
[2017.04.19-22.17.40:390][  0]SourceControl: Info Source control is disabled
[2017.04.19-22.17.40:598][  0]LogEngine: Initializing Engine...
[2017.04.19-22.17.41:090][  0]LogHMD: SteamVR initialized.  Driver: lighthouse  Display: LHR-76AC6C90
[2017.04.19-22.17.41:120][  0]LogHMD: SteamVR initialized.  Driver: lighthouse  Display: LHR-76AC6C90
[2017.04.19-22.17.41:244][  0]LogAIModule: Creating AISystem for world NewWorld
[2017.04.19-22.17.41:258][  0]LogInit: XAudio2 using 'Speakers (USB Audio Device)' : 2 channels at 44.1 kHz using 16 bits per sample (channel mask 0x3)
[2017.04.19-22.17.41:269][  0]LogInit: FAudioDevice initialized.
[2017.04.19-22.17.41:289][  0]LogDerivedDataCache: Saved boot cache 0.02s 48MB C:/Users/Lowell Bander/AppData/Local/UnrealEngine/4.12/DerivedDataCache/Boot.ddc.
[2017.04.19-22.17.41:295][  0]LogInit: Texture streaming: Enabled
[2017.04.19-22.17.41:321][  0]LogInit: Transaction tracking system initialized
[2017.04.19-22.17.41:350][  0]BlueprintLog: New page: Editor Load
[2017.04.19-22.17.41:481][  0]LocalizationService: Info Localization service is disabled
[2017.04.19-22.17.41:549][  0]LogConsoleResponse:Display: 
[2017.04.19-22.17.41:970][  0]LogCook:Display: Max memory allowance for cook 8192mb
[2017.04.19-22.17.41:970][  0]LogCook:Display: Mobile HDR setting 0
[2017.04.19-22.17.42:006][  0]LogFileCache: Scanning file cache for directory 'C:/Users/Lowell Bander/Documents/Unreal Projects/Spread/Content/' took 0.02s
[2017.04.19-22.17.42:006][  0]LogLinker:Warning: Can't find file '/Game/StarterContent/Materials/M_Brick_Clay_New'
[2017.04.19-22.17.42:006][  0]LogLinker:Warning: Can't find file for asset '/Game/StarterContent/Materials/M_Brick_Clay_New' while loading ../../../Engine/Content/BasicShapes/Cube.uasset.
[2017.04.19-22.17.42:006][  0]LoadErrors:Error: Error /Engine/BasicShapes/Cube : Can't find file for asset. /Game/StarterContent/Materials/M_Brick_Clay_New
[2017.04.19-22.17.42:006][  0]LogLinker:Warning: Can't find file '/Game/StarterContent/Materials/M_Brick_Clay_New'
[2017.04.19-22.17.42:006][  0]LogLinker:Warning: Can't find file for asset '/Game/StarterContent/Materials/M_Brick_Clay_New' while loading ../../../Engine/Content/BasicShapes/Cube.uasset.
[2017.04.19-22.17.42:006][  0]LoadErrors:Error: Error /Engine/BasicShapes/Cube : Can't find file for asset. /Game/StarterContent/Materials/M_Brick_Clay_New
[2017.04.19-22.17.42:006][  0]LogLinker:Warning: Can't find file '/Game/StarterContent/Materials/M_Brick_Clay_New'
[2017.04.19-22.17.42:006][  0]LoadErrors: Info Failed to load /Game/StarterContent/Materials/M_Brick_Clay_New.M_Brick_Clay_New Referenced by Cube
[2017.04.19-22.17.42:006][  0]LogLinker:Warning: Can't find file for asset '/Game/StarterContent/Materials/M_Brick_Clay_New' while loading NULL.
[2017.04.19-22.17.42:006][  0]LoadErrors: Info Failed to load /Game/StarterContent/Materials/M_Brick_Clay_New.M_Brick_Clay_New Referenced by Cube
[2017.04.19-22.17.42:081][  0]SourceControl: Info Source control is disabled
[2017.04.19-22.17.42:151][  0]LogWindowsTextInputMethodSystem:Display: IME system now deactivated.
[2017.04.19-22.17.48:272][  0]LogWindowsTextInputMethodSystem:Display: IME system now deactivated.
[2017.04.19-22.17.48:292][  0]LogWindowsTextInputMethodSystem:Display: IME system now deactivated.
[2017.04.19-22.17.49:941][  0]LogWindowsTextInputMethodSystem:Display: IME system now deactivated.
[2017.04.19-22.17.49:962][  0]LogWindowsTextInputMethodSystem:Display: IME system now deactivated.
[2017.04.19-22.17.49:963][  0]Cmd: MAP LOAD FILE="../../../../../../Users/Lowell Bander/Documents/Unreal Projects/Spread/Content/MobileStarterContent/Maps/Minimal_Default.umap" TEMPLATE=0 SHOWPROGRESS=1 FEATURELEVEL=3
[2017.04.19-22.17.49:976][  0]LightingResults: New page: Lighting Build
[2017.04.19-22.17.49:979][  0]MapCheck: New page: Map Check
[2017.04.19-22.17.49:979][  0]LightingResults: New page: Lighting Build
[2017.04.19-22.17.50:612][  0]LogAIModule: Creating AISystem for world Minimal_Default
[2017.04.19-22.17.50:646][  0]LogEditorServer: Finished looking for orphan Actors (0.000 secs)
[2017.04.19-22.17.50:647][  0]Cmd: MAP CHECKDEP NOCLEARLOG
[2017.04.19-22.17.50:704][  0]MapCheck: Info Map check complete: 0 Error(s), 0 Warning(s), took 56.885ms to complete.
[2017.04.19-22.17.50:704][  0]LogFileHelpers: Loading map 'Minimal_Default' took 0.741
[2017.04.19-22.17.50:826][  0]LogStats:Warning: MetaData mismatch. Did you assign a stat to two groups? New //STATGROUP_Threads//SplashScreenThread///Thread_2e94_0///####STATCAT_Advanced#### old //STATGROUP_Threads//SplashScreenThread///Thread_4c9c_0///####STATCAT_Advanced####
[2017.04.19-22.17.50:826][  0]LogCollectionManager: Loaded 0 collections in 0.002260 seconds
[2017.04.19-22.17.50:881][  0]LogFileCache: Scanning file cache for directory 'C:/Users/Lowell Bander/Documents/Unreal Projects/Spread/Saved/Collections/' took 0.01s
[2017.04.19-22.17.50:881][  0]LogFileCache: Scanning file cache for directory 'C:/Users/Lowell Bander/Documents/Unreal Projects/Spread/Content/Developers/LowellBander/Collections/' took